I2022-05-21 09:42:06.999275 instance.cpp:1407] Override Enabled Addons: {}
I2022-05-21 09:42:06.999311 instance.cpp:1408] Override Disabled Addons: {}
I2022-05-21 09:42:07.411180 addonmanager.cpp:191] Loaded addon xcb
I2022-05-21 09:42:07.651758 addonmanager.cpp:191] Loaded addon quickphrase
I2022-05-21 09:42:07.722592 addonmanager.cpp:191] Loaded addon imselector
I2022-05-21 09:42:07.727232 addonmanager.cpp:191] Loaded addon keyboard
I2022-05-21 09:42:07.772325 addonmanager.cpp:191] Loaded addon dbus
I2022-05-21 09:42:07.898931 addonmanager.cpp:191] Loaded addon fcitx4frontend
I2022-05-21 09:42:08.014490 addonmanager.cpp:191] Loaded addon ibusfrontend
I2022-05-21 09:42:08.062852 addonmanager.cpp:191] Loaded addon xim
E2022-05-21 09:42:08.381402 waylandmodule.cpp:166] Failed to open wayland connection
I2022-05-21 09:42:08.381426 addonmanager.cpp:191] Loaded addon wayland
I2022-05-21 09:42:08.440003 addonmanager.cpp:191] Loaded addon dbusfrontend
I2022-05-21 09:42:08.529588 addonmanager.cpp:191] Loaded addon clipboard
I2022-05-21 09:42:08.560601 addonmanager.cpp:191] Loaded addon waylandim
I2022-05-21 09:42:08.608153 addonmanager.cpp:191] Loaded addon unicode
I2022-05-21 09:42:08.700031 addonmanager.cpp:191] Loaded addon pinyinhelper
I2022-05-21 09:42:08.958932 inputmethodmanager.cpp:198] Found 713 input method(s) in addon keyboard
I2022-05-21 09:42:08.960864 inputmethodmanager.cpp:117] No valid input method group in configuration. Building a default one
I2022-05-21 09:42:08.996087 instance.cpp:734] Items in 默认: [InputMethodGroupItem(keyboard-us,layout=), InputMethodGroupItem(pinyin,layout=)]
I2022-05-21 09:42:08.996112 instance.cpp:739] Generated groups: [默认]
I2022-05-21 09:42:09.046931 addonmanager.cpp:191] Loaded addon kimpanel
I2022-05-21 09:42:09.311994 addonmanager.cpp:191] Loaded addon classicui
I2022-05-21 09:42:09.339893 addonmanager.cpp:191] Loaded addon notificationitem
I2022-05-21 09:42:09.354862 addonmanager.cpp:191] Loaded addon notifications
I2022-05-21 09:42:09.398667 addonmanager.cpp:191] Loaded addon punctuation
E2022-05-21 09:42:10.556566 pinyin.cpp:690] Failed to load pinyin history: io fail: iostream error
I2022-05-21 09:42:12.894483 addonmanager.cpp:191] Loaded addon pinyin
I2022-05-21 09:42:13.351274 addonmanager.cpp:191] Loaded addon cloudpinyin
I2022-05-21 09:42:13.353639 kimpanel.cpp:117] Kimpanel new owner

###!!! [Parent][PImageBridgeParent] Error: RunMessage(msgname=PImageBridge::Msg_WillClose) Channel closing: too late to send/recv, messages will be lost


###!!! [Parent][PImageBridgeParent] Error: RunMessage(msgname=PImageBridge::Msg_WillClose) Channel closing: too late to send/recv, messages will be lost

